# JRE version: OpenJDK Runtime Environment (11.0.8+10) (build 11.0.8+10-b944.6842174)
# Java VM: OpenJDK 64-Bit Server VM (11.0.8+10-b944.6842174, mixed mode, tiered, compressed oops, g1 gc, windows-amd64)
Heap:
 garbage-first heap   total 324608K, used 142329K [0x0000000080000000, 0x0000000100000000)
  region size 1024K, 14 young (14336K), 3 survivors (3072K)
 Metaspace       used 153774K, capacity 158555K, committed 158840K, reserved 1187840K
  class space    used 18174K, capacity 19819K, committed 19908K, reserved 1048576K
GC Heap History (20 events):
Event: 12720.296 GC heap before
{Heap before GC invocations=316 (full 0):
 garbage-first heap   total 324608K, used 153854K [0x0000000080000000, 0x0000000100000000)
  region size 1024K, 15 young (15360K), 5 survivors (5120K)
 Metaspace       used 153686K, capacity 158419K, committed 158584K, reserved 1187840K
  class space    used 18174K, capacity 19819K, committed 19908K, reserved 1048576K
}
Event: 12720.310 GC heap after
{Heap after GC invocations=317 (full 0):
 garbage-first heap   total 324608K, used 122325K [0x0000000080000000, 0x0000000100000000)
  region size 1024K, 1 young (1024K), 1 survivors (1024K)
 Metaspace       used 153686K, capacity 158419K, committed 158584K, reserved 1187840K
  class space    used 18174K, capacity 19819K, committed 19908K, reserved 1048576K
}
Event: 12720.418 GC heap before
{Heap before GC invocations=317 (full 0):
 garbage-first heap   total 324608K, used 126421K [0x0000000080000000, 0x0000000100000000)
  region size 1024K, 6 young (6144K), 1 survivors (1024K)
 Metaspace       used 153692K, capacity 158420K, committed 158584K, reserved 1187840K
  class space    used 18174K, capacity 19819K, committed 19908K, reserved 1048576K
}
Event: 12720.428 GC heap after
{Heap after GC invocations=318 (full 0):
 garbage-first heap   total 324608K, used 122359K [0x0000000080000000, 0x0000000100000000)
  region size 1024K, 1 young (1024K), 1 survivors (1024K)
 Metaspace       used 153692K, capacity 158420K, committed 158584K, reserved 1187840K
  class space    used 18174K, capacity 19819K, committed 19908K, reserved 1048576K
}
Event: 12798.853 GC heap before
{Heap before GC invocations=319 (full 0):
 garbage-first heap   total 324608K, used 270839K [0x0000000080000000, 0x0000000100000000)
  region size 1024K, 134 young (137216K), 1 survivors (1024K)
 Metaspace       used 153704K, capacity 158420K, committed 158584K, reserved 1187840K
  class space    used 18174K, capacity 19819K, committed 19908K, reserved 1048576K
}
Event: 12798.861 GC heap after
{Heap after GC invocations=320 (full 0):
 garbage-first heap   total 324608K, used 128433K [0x0000000080000000, 0x0000000100000000)
  region size 1024K, 7 young (7168K), 7 survivors (7168K)
 Metaspace       used 153704K, capacity 158420K, committed 158584K, reserved 1187840K
  class space    used 18174K, capacity 19819K, committed 19908K, reserved 1048576K
}
Event: 12799.006 GC heap before
{Heap before GC invocations=320 (full 0):
 garbage-first heap   total 324608K, used 149937K [0x0000000080000000, 0x0000000100000000)
  region size 1024K, 30 young (30720K), 7 survivors (7168K)
 Metaspace       used 153712K, capacity 158421K, committed 158584K, reserved 1187840K
  class space    used 18174K, capacity 19819K, committed 19908K, reserved 1048576K
}
Event: 12799.017 GC heap after
{Heap after GC invocations=321 (full 0):
 garbage-first heap   total 324608K, used 130423K [0x0000000080000000, 0x0000000100000000)
  region size 1024K, 9 young (9216K), 9 survivors (9216K)
 Metaspace       used 153712K, capacity 158421K, committed 158584K, reserved 1187840K
  class space    used 18174K, capacity 19819K, committed 19908K, reserved 1048576K
}
Event: 12799.608 GC heap before
{Heap before GC invocations=322 (full 0):
 garbage-first heap   total 324608K, used 239991K [0x0000000080000000, 0x0000000100000000)
  region size 1024K, 115 young (117760K), 9 survivors (9216K)
 Metaspace       used 153720K, capacity 158421K, committed 158584K, reserved 1187840K
  class space    used 18174K, capacity 19819K, committed 19908K, reserved 1048576K
}
Event: 12799.617 GC heap after
{Heap after GC invocations=323 (full 0):
 garbage-first heap   total 324608K, used 133906K [0x0000000080000000, 0x0000000100000000)
  region size 1024K, 4 young (4096K), 4 survivors (4096K)
 Metaspace       used 153720K, capacity 158421K, committed 158584K, reserved 1187840K
  class space    used 18174K, capacity 19819K, committed 19908K, reserved 1048576K
}
Event: 12799.632 GC heap before
{Heap before GC invocations=323 (full 0):
 garbage-first heap   total 324608K, used 145170K [0x0000000080000000, 0x0000000100000000)
  region size 1024K, 15 young (15360K), 4 survivors (4096K)
 Metaspace       used 153725K, capacity 158487K, committed 158584K, reserved 1187840K
  class space    used 18174K, capacity 19819K, committed 19908K, reserved 1048576K
}
Event: 12799.644 GC heap after
{Heap after GC invocations=324 (full 0):
 garbage-first heap   total 324608K, used 128525K [0x0000000080000000, 0x0000000100000000)
  region size 1024K, 2 young (2048K), 2 survivors (2048K)
 Metaspace       used 153725K, capacity 158487K, committed 158584K, reserved 1187840K
  class space    used 18174K, capacity 19819K, committed 19908K, reserved 1048576K
}
Event: 12799.776 GC heap before
{Heap before GC invocations=324 (full 0):
 garbage-first heap   total 324608K, used 159245K [0x0000000080000000, 0x0000000100000000)
  region size 1024K, 34 young (34816K), 2 survivors (2048K)
 Metaspace       used 153738K, capacity 158551K, committed 158840K, reserved 1187840K
  class space    used 18174K, capacity 19819K, committed 19908K, reserved 1048576K
}
Event: 12799.782 GC heap after
{Heap after GC invocations=325 (full 0):
 garbage-first heap   total 324608K, used 128133K [0x0000000080000000, 0x0000000100000000)
  region size 1024K, 1 young (1024K), 1 survivors (1024K)
 Metaspace       used 153738K, capacity 158551K, committed 158840K, reserved 1187840K
  class space    used 18174K, capacity 19819K, committed 19908K, reserved 1048576K
}
Event: 14262.010 GC heap before
{Heap before GC invocations=326 (full 0):
 garbage-first heap   total 324608K, used 264325K [0x0000000080000000, 0x0000000100000000)
  region size 1024K, 122 young (124928K), 1 survivors (1024K)
 Metaspace       used 153770K, capacity 158554K, committed 158840K, reserved 1187840K
  class space    used 18174K, capacity 19819K, committed 19908K, reserved 1048576K
}
Event: 14262.019 GC heap after
{Heap after GC invocations=327 (full 0):
 garbage-first heap   total 324608K, used 133451K [0x0000000080000000, 0x0000000100000000)
  region size 1024K, 7 young (7168K), 7 survivors (7168K)
 Metaspace       used 153770K, capacity 158554K, committed 158840K, reserved 1187840K
  class space    used 18174K, capacity 19819K, committed 19908K, reserved 1048576K
}
Event: 14262.072 GC heap before
{Heap before GC invocations=327 (full 0):
 garbage-first heap   total 324608K, used 140619K [0x0000000080000000, 0x0000000100000000)
  region size 1024K, 15 young (15360K), 7 survivors (7168K)
 Metaspace       used 153770K, capacity 158554K, committed 158840K, reserved 1187840K
  class space    used 18174K, capacity 19819K, committed 19908K, reserved 1048576K
}
Event: 14262.082 GC heap after
{Heap after GC invocations=328 (full 0):
 garbage-first heap   total 324608K, used 128780K [0x0000000080000000, 0x0000000100000000)
  region size 1024K, 1 young (1024K), 1 survivors (1024K)
 Metaspace       used 153770K, capacity 158554K, committed 158840K, reserved 1187840K
  class space    used 18174K, capacity 19819K, committed 19908K, reserved 1048576K
}
Event: 14262.314 GC heap before
{Heap before GC invocations=328 (full 0):
 garbage-first heap   total 324608K, used 177932K [0x0000000080000000, 0x0000000100000000)
  region size 1024K, 51 young (52224K), 1 survivors (1024K)
 Metaspace       used 153774K, capacity 158555K, committed 158840K, reserved 1187840K
  class space    used 18174K, capacity 19819K, committed 19908K, reserved 1048576K
}
Event: 14262.321 GC heap after
{Heap after GC invocations=329 (full 0):
 garbage-first heap   total 324608K, used 130041K [0x0000000080000000, 0x0000000100000000)
  region size 1024K, 3 young (3072K), 3 survivors (3072K)
 Metaspace       used 153774K, capacity 158555K, committed 158840K, reserved 1187840K
  class space    used 18174K, capacity 19819K, committed 19908K, reserved 1048576K
}

